<?xml version="1.0" encoding="UTF-8"?>
<!-- Generated by org.testng.reporters.JUnitReportReporter -->
<testsuite hostname="DESKTOP-SPMQ7HF" failures="0" tests="3" name="com.incubyte.Login_HappyPath" time="12.604" errors="0" timestamp="2024-12-20T08:19:23 IST" skipped="0">
  <testcase classname="com.incubyte.Login_HappyPath" name="HappyPath_TC01" time="9.070"/>
  <system-out/>
  <testcase classname="com.incubyte.Login_HappyPath" name="HappyPath_TC02" time="1.748"/>
  <system-out/>
  <testcase classname="com.incubyte.Login_HappyPath" name="HappyPath_TC03" time="1.786"/>
  <system-out/>
</testsuite> <!-- com.incubyte.Login_HappyPath -->
